Arguments: 
  /home/dode/.nvm/versions/node/v16.20.0/bin/node /mnt/c/Users/jumic/AppData/Roaming/npm/node_modules/yarn/bin/yarn.js publish

PATH: 
  /home/dode/go/bin:/home/dode/.local/share/solana/install/active_release/bin:/home/dode/.vscode-server/bin/6c3e3dba23e8fadc360aed75ce363ba185c49794/bin/remote-cli:/home/dode/.local/share/solana/install/active_release/bin:/home/dode/.local/bin:/home/dode/.cargo/bin:/home/dode/.nvm/versions/node/v16.20.0/bin:/home/dode/go/bin:/home/dode/.local/share/solana/install/active_release/bin:/usr/local/sbin:/usr/local/bin:/usr/sbin:/usr/bin:/sbin:/bin:/usr/games:/usr/local/games:/usr/lib/wsl/lib:/mnt/c/Python311/Scripts/:/mnt/c/Python311/:/mnt/c/Program Files/Common Files/Oracle/Java/javapath:/mnt/c/ProgramData/Anaconda3:/mnt/c/ProgramData/Anaconda3/Library/mingw-w64/bin:/mnt/c/ProgramData/Anaconda3/Library/usr/bin:/mnt/c/ProgramData/Anaconda3/Library/bin:/mnt/c/ProgramData/Anaconda3/Scripts:/mnt/c/WINDOWS/system32:/mnt/c/WINDOWS:/mnt/c/WINDOWS/System32/Wbem:/mnt/c/WINDOWS/System32/WindowsPowerShell/v1.0/:/mnt/c/WINDOWS/System32/OpenSSH/:/mnt/c/ProgramData/chocolatey/bin:/mnt/c/Program Files/Git/cmd:/mnt/c/Program Files/dotnet/:/mnt/c/Program Files (x86)/dotnet/:/mnt/c/Users/jumic/.avm/bin/:/mnt/c/Users/jumic/AppData/Roaming/chromiumDriver/:/mnt/c/Program Files/Docker/Docker/resources/bin:/mnt/c/ProgramData/DockerDesktop/version-bin:/mnt/c/Users/jumic/.local/share/solana/install/active_release/bin:/mnt/c/Users/jumic/.cargo/bin:/mnt/c/Users/jumic/AppData/Local/Microsoft/WindowsApps:/mnt/c/Users/jumic/AppData/Local/Programs/Microsoft VS Code/bin:/mnt/c/Users/jumic/.dotnet/tools:/mnt/c/Users/jumic/AppData/Roaming/chromiumDriver:/mnt/c/Users/jumic/.avm/bin:/mnt/c/Users/jumic/AppData/Roaming/npm:/mnt/c/Users/jumic/AppData/Local/gitkraken/bin:/mnt/c/ProgramData/nvm:/mnt/c/Program Files/nodejs:/mnt/c/Users/jumic/flutter/bin:/snap/bin:/usr/local/go/bin:/usr/local/go/bin:/usr/local/go/bin

Yarn version: 
  1.22.17

Node version: 
  16.20.0

Platform: 
  linux x64

Trace: 
  Error: canceled
      at Interface.<anonymous> (/mnt/c/Users/jumic/AppData/Roaming/npm/node_modules/yarn/lib/cli.js:137143:13)
      at Interface.emit (node:events:513:28)
      at Interface._ttyWrite (node:readline:1085:16)
      at ReadStream.onkeypress (node:readline:291:10)
      at ReadStream.emit (node:events:513:28)
      at emitKeys (node:internal/readline/utils:357:14)
      at emitKeys.next (<anonymous>)
      at ReadStream.onData (node:internal/readline/emitKeypressEvents:61:36)
      at ReadStream.emit (node:events:513:28)
      at addChunk (node:internal/streams/readable:315:12)

npm manifest: 
  {
    "name": "@koch-labs/nft-standard",
    "version": "0.0.1",
    "main": "dist/index.js",
    "license": "MIT"
  }

yarn manifest: 
  No manifest

Lockfile: 
  # THIS IS AN AUTOGENERATED FILE. DO NOT EDIT THIS FILE DIRECTLY.
  # yarn lockfile v1
